building the system configuration...
warning: Git tree '/Users/parallels/.config/nix' is dirty
these 12 derivations will be built:
  /nix/store/1gbn3h69xj1lciz2ghg13jkmri3qig0l-home-manager-path.drv
  /nix/store/09ibz7x4bd2i55vn49vwggjzbpdb6f91-hm_fontconfigconf.d10hmfonts.conf.drv
  /nix/store/qlv5h113an79mimvszpisnrafvds8c58-home-manager-fonts.drv
  /nix/store/sawhfscbbgrfvss9nj565m9pw0vslhrf-hm_LibraryFonts.homemanagerfontsversion.drv
  /nix/store/1ad8pv9h8j0wq4sicw0al15cwy23f6hf-activation-script.drv
  /nix/store/bs6pqgbwi0svwy89sfd1qi4ki847r25j-home-manager-applications.drv
  /nix/store/4r2x7i3bphsfm12rxpxi38w4gyb24hjq-home-manager-files.drv
  /nix/store/69jfxsh0s29mqqw0ll7arrvcdyyqls7s-home-manager-generation.drv
  /nix/store/404yn5qpm585vw9l0c6cxipq1lc3slky-activation-parallels.drv
  /nix/store/x20j4p9jzs9m6vpphjpjfqi24dyr6w6a-user-environment.drv
  /nix/store/58sxlbs5j7ihqi91mg7flsiig803pw5l-etc.drv
  /nix/store/k9nnx4vam7aybyndhgnzy3vpwgbx3qs8-darwin-system-24.11.20241105.8c4dc69+darwin5.98e7dba.drv
building '/nix/store/1gbn3h69xj1lciz2ghg13jkmri3qig0l-home-manager-path.drv'...
building '/nix/store/bs6pqgbwi0svwy89sfd1qi4ki847r25j-home-manager-applications.drv'...
building '/nix/store/qlv5h113an79mimvszpisnrafvds8c58-home-manager-fonts.drv'...
building '/nix/store/sawhfscbbgrfvss9nj565m9pw0vslhrf-hm_LibraryFonts.homemanagerfontsversion.drv'...
building '/nix/store/1ad8pv9h8j0wq4sicw0al15cwy23f6hf-activation-script.drv'...
building '/nix/store/09ibz7x4bd2i55vn49vwggjzbpdb6f91-hm_fontconfigconf.d10hmfonts.conf.drv'...
building '/nix/store/x20j4p9jzs9m6vpphjpjfqi24dyr6w6a-user-environment.drv'...
building '/nix/store/4r2x7i3bphsfm12rxpxi38w4gyb24hjq-home-manager-files.drv'...
building '/nix/store/58sxlbs5j7ihqi91mg7flsiig803pw5l-etc.drv'...
building '/nix/store/69jfxsh0s29mqqw0ll7arrvcdyyqls7s-home-manager-generation.drv'...
building '/nix/store/404yn5qpm585vw9l0c6cxipq1lc3slky-activation-parallels.drv'...
building '/nix/store/k9nnx4vam7aybyndhgnzy3vpwgbx3qs8-darwin-system-24.11.20241105.8c4dc69+darwin5.98e7dba.drv'...
user defaults...
setting up user launchd services...
setting up /Applications...
setting up pam...
applying patches...
setting up /etc...
system defaults...
setting up launchd services...
reloading nix-daemon...
waiting for nix-daemon
configuring networking...
configuring power...
setting up /Library/Fonts/Nix Fonts...
setting nvram variables...
Activating home-manager configuration for parallels
Starting Home Manager activation
Activating checkFilesChanged
Activating checkLaunchAgents
Activating checkLinkTargets
Activating writeBoundary
Activating installPackages
Activating migrateGhAccounts
Activating linkGeneration
Cleaning up orphan links from /Users/parallels
Creating profile generation 109
Creating home file links in /Users/parallels
Activating onFilesChange
Activating setupLaunchAgents
Activating terminalSettings
Setting up Terminal.app profile...
No matching processes belonging to you were found
Activating userPreferences
Configuring macOS preferences...
